2013/11/19 00:52:47 [error] [exception.CException] exception 'CException' with message 'Alias "bootstrap.components.Bootstrap" is invalid. Make sure it points to an existing PHP file and the file is readable.' in /Users/kittipong/Sites/yii/framework/YiiBase.php:322
Stack trace:
#0 /Users/kittipong/Sites/yii/framework/YiiBase.php(196): YiiBase::import('bootstrap.compo...', true)
#1 /Users/kittipong/Sites/yii/framework/base/CModule.php(386): YiiBase::createComponent(Array)
#2 /Users/kittipong/Sites/yii/framework/base/CModule.php(103): CModule->getComponent('bootstrap')
#3 /Users/kittipong/Sites/yii-web01/protected/views/layouts/main.php(8): CModule->__get('bootstrap')
#4 /Users/kittipong/Sites/yii/framework/web/CBaseController.php(126): require('/Users/kittipon...')
#5 /Users/kittipong/Sites/yii/framework/web/CBaseController.php(95): CBaseController->renderInternal('/Users/kittipon...', Array, true)
#6 /Users/kittipong/Sites/yii/framework/web/widgets/CContentDecorator.php(76): CBaseController->renderFile('/Users/kittipon...', Array, true)
#7 /Users/kittipong/Sites/yii/framework/web/widgets/CContentDecorator.php(54): CContentDecorator->decorate('<div id="conten...')
#8 /Users/kittipong/Sites/yii/framework/web/widgets/COutputProcessor.php(44): CContentDecorator->processOutput('<div id="conten...')
#9 /Users/kittipong/Sites/yii/framework/web/CBaseController.php(206): COutputProcessor->run()
#10 /Users/kittipong/Sites/yii/framework/web/CBaseController.php(300): CBaseController->endWidget('CContentDecorat...')
#11 /Users/kittipong/Sites/yii-web01/protected/views/layouts/column1.php(6): CBaseController->endContent()
#12 /Users/kittipong/Sites/yii/framework/web/CBaseController.php(126): require('/Users/kittipon...')
#13 /Users/kittipong/Sites/yii/framework/web/CBaseController.php(95): CBaseController->renderInternal('/Users/kittipon...', Array, true)
#14 /Users/kittipong/Sites/yii/framework/web/CController.php(784): CBaseController->renderFile('/Users/kittipon...', Array, true)
#15 /Users/kittipong/Sites/yii-web01/protected/controllers/GreetingController.php(8): CController->render('index', Array)
#16 /Users/kittipong/Sites/yii/framework/web/actions/CInlineAction.php(49): GreetingController->actionIndex()
#17 /Users/kittipong/Sites/yii/framework/web/CController.php(308): CInlineAction->runWithParams(Array)
#18 /Users/kittipong/Sites/yii/framework/web/CController.php(286): CController->runAction(Object(CInlineAction))
#19 /Users/kittipong/Sites/yii/framework/web/CController.php(265): CController->runActionWithFilters(Object(CInlineAction), Array)
#20 /Users/kittipong/Sites/yii/framework/web/CWebApplication.php(282): CController->run('')
#21 /Users/kittipong/Sites/yii/framework/web/CWebApplication.php(141): CWebApplication->runController('greeting')
#22 /Users/kittipong/Sites/yii/framework/base/CApplication.php(180): CWebApplication->processRequest()
#23 /Users/kittipong/Sites/yii-web01/index.php(13): CApplication->run()
#24 {main}
REQUEST_URI=/yii-web01/index.php?r=greeting
HTTP_REFERER=http://localhost/yii-web01/index.php?r=gii/controller/index
---
2013/11/19 00:59:57 [error] [exception.CException] exception 'CException' with message 'Alias "bootstrap.components.Bootstrap" is invalid. Make sure it points to an existing PHP file and the file is readable.' in /Users/kittipong/Sites/yii/framework/YiiBase.php:322
Stack trace:
#0 /Users/kittipong/Sites/yii/framework/YiiBase.php(196): YiiBase::import('bootstrap.compo...', true)
#1 /Users/kittipong/Sites/yii/framework/base/CModule.php(386): YiiBase::createComponent(Array)
#2 /Users/kittipong/Sites/yii/framework/base/CModule.php(103): CModule->getComponent('bootstrap')
#3 /Users/kittipong/Sites/yii-web01/protected/views/layouts/main.php(8): CModule->__get('bootstrap')
#4 /Users/kittipong/Sites/yii/framework/web/CBaseController.php(126): require('/Users/kittipon...')
#5 /Users/kittipong/Sites/yii/framework/web/CBaseController.php(95): CBaseController->renderInternal('/Users/kittipon...', Array, true)
#6 /Users/kittipong/Sites/yii/framework/web/widgets/CContentDecorator.php(76): CBaseController->renderFile('/Users/kittipon...', Array, true)
#7 /Users/kittipong/Sites/yii/framework/web/widgets/CContentDecorator.php(54): CContentDecorator->decorate('<div id="conten...')
#8 /Users/kittipong/Sites/yii/framework/web/widgets/COutputProcessor.php(44): CContentDecorator->processOutput('<div id="conten...')
#9 /Users/kittipong/Sites/yii/framework/web/CBaseController.php(206): COutputProcessor->run()
#10 /Users/kittipong/Sites/yii/framework/web/CBaseController.php(300): CBaseController->endWidget('CContentDecorat...')
#11 /Users/kittipong/Sites/yii-web01/protected/views/layouts/column1.php(6): CBaseController->endContent()
#12 /Users/kittipong/Sites/yii/framework/web/CBaseController.php(126): require('/Users/kittipon...')
#13 /Users/kittipong/Sites/yii/framework/web/CBaseController.php(95): CBaseController->renderInternal('/Users/kittipon...', Array, true)
#14 /Users/kittipong/Sites/yii/framework/web/CController.php(784): CBaseController->renderFile('/Users/kittipon...', Array, true)
#15 /Users/kittipong/Sites/yii-web01/protected/controllers/GreetingController.php(8): CController->render('index', Array)
#16 /Users/kittipong/Sites/yii/framework/web/actions/CInlineAction.php(49): GreetingController->actionIndex()
#17 /Users/kittipong/Sites/yii/framework/web/CController.php(308): CInlineAction->runWithParams(Array)
#18 /Users/kittipong/Sites/yii/framework/web/CController.php(286): CController->runAction(Object(CInlineAction))
#19 /Users/kittipong/Sites/yii/framework/web/CController.php(265): CController->runActionWithFilters(Object(CInlineAction), Array)
#20 /Users/kittipong/Sites/yii/framework/web/CWebApplication.php(282): CController->run('')
#21 /Users/kittipong/Sites/yii/framework/web/CWebApplication.php(141): CWebApplication->runController('greeting')
#22 /Users/kittipong/Sites/yii/framework/base/CApplication.php(180): CWebApplication->processRequest()
#23 /Users/kittipong/Sites/yii-web01/index.php(13): CApplication->run()
#24 {main}
REQUEST_URI=/yii-web01/index.php?r=greeting
HTTP_REFERER=http://localhost/yii-web01/index.php?r=gii/controller/index
---
2013/11/19 01:00:06 [error] [exception.CException] exception 'CException' with message 'Alias "bootstrap.components.Bootstrap" is invalid. Make sure it points to an existing PHP file and the file is readable.' in /Users/kittipong/Sites/yii/framework/YiiBase.php:322
Stack trace:
#0 /Users/kittipong/Sites/yii/framework/YiiBase.php(196): YiiBase::import('bootstrap.compo...', true)
#1 /Users/kittipong/Sites/yii/framework/base/CModule.php(386): YiiBase::createComponent(Array)
#2 /Users/kittipong/Sites/yii/framework/base/CModule.php(103): CModule->getComponent('bootstrap')
#3 /Users/kittipong/Sites/yii-web01/protected/views/layouts/main.php(8): CModule->__get('bootstrap')
#4 /Users/kittipong/Sites/yii/framework/web/CBaseController.php(126): require('/Users/kittipon...')
#5 /Users/kittipong/Sites/yii/framework/web/CBaseController.php(95): CBaseController->renderInternal('/Users/kittipon...', Array, true)
#6 /Users/kittipong/Sites/yii/framework/web/widgets/CContentDecorator.php(76): CBaseController->renderFile('/Users/kittipon...', Array, true)
#7 /Users/kittipong/Sites/yii/framework/web/widgets/CContentDecorator.php(54): CContentDecorator->decorate('<div id="conten...')
#8 /Users/kittipong/Sites/yii/framework/web/widgets/COutputProcessor.php(44): CContentDecorator->processOutput('<div id="conten...')
#9 /Users/kittipong/Sites/yii/framework/web/CBaseController.php(206): COutputProcessor->run()
#10 /Users/kittipong/Sites/yii/framework/web/CBaseController.php(300): CBaseController->endWidget('CContentDecorat...')
#11 /Users/kittipong/Sites/yii-web01/protected/views/layouts/column1.php(6): CBaseController->endContent()
#12 /Users/kittipong/Sites/yii/framework/web/CBaseController.php(126): require('/Users/kittipon...')
#13 /Users/kittipong/Sites/yii/framework/web/CBaseController.php(95): CBaseController->renderInternal('/Users/kittipon...', Array, true)
#14 /Users/kittipong/Sites/yii/framework/web/CController.php(784): CBaseController->renderFile('/Users/kittipon...', Array, true)
#15 /Users/kittipong/Sites/yii-web01/protected/controllers/SiteController.php(32): CController->render('index')
#16 /Users/kittipong/Sites/yii/framework/web/actions/CInlineAction.php(49): SiteController->actionIndex()
#17 /Users/kittipong/Sites/yii/framework/web/CController.php(308): CInlineAction->runWithParams(Array)
#18 /Users/kittipong/Sites/yii/framework/web/CController.php(286): CController->runAction(Object(CInlineAction))
#19 /Users/kittipong/Sites/yii/framework/web/CController.php(265): CController->runActionWithFilters(Object(CInlineAction), Array)
#20 /Users/kittipong/Sites/yii/framework/web/CWebApplication.php(282): CController->run('')
#21 /Users/kittipong/Sites/yii/framework/web/CWebApplication.php(141): CWebApplication->runController('')
#22 /Users/kittipong/Sites/yii/framework/base/CApplication.php(180): CWebApplication->processRequest()
#23 /Users/kittipong/Sites/yii-web01/index.php(13): CApplication->run()
#24 {main}
REQUEST_URI=/yii-web01/
---
2013/11/19 01:00:07 [error] [exception.CException] exception 'CException' with message 'Alias "bootstrap.components.Bootstrap" is invalid. Make sure it points to an existing PHP file and the file is readable.' in /Users/kittipong/Sites/yii/framework/YiiBase.php:322
Stack trace:
#0 /Users/kittipong/Sites/yii/framework/YiiBase.php(196): YiiBase::import('bootstrap.compo...', true)
#1 /Users/kittipong/Sites/yii/framework/base/CModule.php(386): YiiBase::createComponent(Array)
#2 /Users/kittipong/Sites/yii/framework/base/CModule.php(103): CModule->getComponent('bootstrap')
#3 /Users/kittipong/Sites/yii-web01/protected/views/layouts/main.php(8): CModule->__get('bootstrap')
#4 /Users/kittipong/Sites/yii/framework/web/CBaseController.php(126): require('/Users/kittipon...')
#5 /Users/kittipong/Sites/yii/framework/web/CBaseController.php(95): CBaseController->renderInternal('/Users/kittipon...', Array, true)
#6 /Users/kittipong/Sites/yii/framework/web/widgets/CContentDecorator.php(76): CBaseController->renderFile('/Users/kittipon...', Array, true)
#7 /Users/kittipong/Sites/yii/framework/web/widgets/CContentDecorator.php(54): CContentDecorator->decorate('<div id="conten...')
#8 /Users/kittipong/Sites/yii/framework/web/widgets/COutputProcessor.php(44): CContentDecorator->processOutput('<div id="conten...')
#9 /Users/kittipong/Sites/yii/framework/web/CBaseController.php(206): COutputProcessor->run()
#10 /Users/kittipong/Sites/yii/framework/web/CBaseController.php(300): CBaseController->endWidget('CContentDecorat...')
#11 /Users/kittipong/Sites/yii-web01/protected/views/layouts/column1.php(6): CBaseController->endContent()
#12 /Users/kittipong/Sites/yii/framework/web/CBaseController.php(126): require('/Users/kittipon...')
#13 /Users/kittipong/Sites/yii/framework/web/CBaseController.php(95): CBaseController->renderInternal('/Users/kittipon...', Array, true)
#14 /Users/kittipong/Sites/yii/framework/web/CController.php(784): CBaseController->renderFile('/Users/kittipon...', Array, true)
#15 /Users/kittipong/Sites/yii-web01/protected/controllers/SiteController.php(32): CController->render('index')
#16 /Users/kittipong/Sites/yii/framework/web/actions/CInlineAction.php(49): SiteController->actionIndex()
#17 /Users/kittipong/Sites/yii/framework/web/CController.php(308): CInlineAction->runWithParams(Array)
#18 /Users/kittipong/Sites/yii/framework/web/CController.php(286): CController->runAction(Object(CInlineAction))
#19 /Users/kittipong/Sites/yii/framework/web/CController.php(265): CController->runActionWithFilters(Object(CInlineAction), Array)
#20 /Users/kittipong/Sites/yii/framework/web/CWebApplication.php(282): CController->run('')
#21 /Users/kittipong/Sites/yii/framework/web/CWebApplication.php(141): CWebApplication->runController('')
#22 /Users/kittipong/Sites/yii/framework/base/CApplication.php(180): CWebApplication->processRequest()
#23 /Users/kittipong/Sites/yii-web01/index.php(13): CApplication->run()
#24 {main}
REQUEST_URI=/yii-web01/
---
2013/11/19 01:04:25 [error] [exception.CException] exception 'CException' with message 'Alias "bootstrap.components.Bootstrap" is invalid. Make sure it points to an existing PHP file and the file is readable.' in /Users/kittipong/Sites/yii/framework/YiiBase.php:322
Stack trace:
#0 /Users/kittipong/Sites/yii/framework/YiiBase.php(196): YiiBase::import('bootstrap.compo...', true)
#1 /Users/kittipong/Sites/yii/framework/base/CModule.php(386): YiiBase::createComponent(Array)
#2 /Users/kittipong/Sites/yii/framework/base/CModule.php(103): CModule->getComponent('bootstrap')
#3 /Users/kittipong/Sites/yii-web01/protected/views/layouts/main.php(8): CModule->__get('bootstrap')
#4 /Users/kittipong/Sites/yii/framework/web/CBaseController.php(126): require('/Users/kittipon...')
#5 /Users/kittipong/Sites/yii/framework/web/CBaseController.php(95): CBaseController->renderInternal('/Users/kittipon...', Array, true)
#6 /Users/kittipong/Sites/yii/framework/web/widgets/CContentDecorator.php(76): CBaseController->renderFile('/Users/kittipon...', Array, true)
#7 /Users/kittipong/Sites/yii/framework/web/widgets/CContentDecorator.php(54): CContentDecorator->decorate('<div id="conten...')
#8 /Users/kittipong/Sites/yii/framework/web/widgets/COutputProcessor.php(44): CContentDecorator->processOutput('<div id="conten...')
#9 /Users/kittipong/Sites/yii/framework/web/CBaseController.php(206): COutputProcessor->run()
#10 /Users/kittipong/Sites/yii/framework/web/CBaseController.php(300): CBaseController->endWidget('CContentDecorat...')
#11 /Users/kittipong/Sites/yii-web01/protected/views/layouts/column1.php(6): CBaseController->endContent()
#12 /Users/kittipong/Sites/yii/framework/web/CBaseController.php(126): require('/Users/kittipon...')
#13 /Users/kittipong/Sites/yii/framework/web/CBaseController.php(95): CBaseController->renderInternal('/Users/kittipon...', Array, true)
#14 /Users/kittipong/Sites/yii/framework/web/CController.php(784): CBaseController->renderFile('/Users/kittipon...', Array, true)
#15 /Users/kittipong/Sites/yii-web01/protected/controllers/SiteController.php(32): CController->render('index')
#16 /Users/kittipong/Sites/yii/framework/web/actions/CInlineAction.php(49): SiteController->actionIndex()
#17 /Users/kittipong/Sites/yii/framework/web/CController.php(308): CInlineAction->runWithParams(Array)
#18 /Users/kittipong/Sites/yii/framework/web/CController.php(286): CController->runAction(Object(CInlineAction))
#19 /Users/kittipong/Sites/yii/framework/web/CController.php(265): CController->runActionWithFilters(Object(CInlineAction), Array)
#20 /Users/kittipong/Sites/yii/framework/web/CWebApplication.php(282): CController->run('')
#21 /Users/kittipong/Sites/yii/framework/web/CWebApplication.php(141): CWebApplication->runController('')
#22 /Users/kittipong/Sites/yii/framework/base/CApplication.php(180): CWebApplication->processRequest()
#23 /Users/kittipong/Sites/yii-web01/index.php(13): CApplication->run()
#24 {main}
REQUEST_URI=/yii-web01/
---
2013/11/19 01:05:20 [error] [exception.CException] exception 'CException' with message 'Alias "bootstrap.components.Bootstrap" is invalid. Make sure it points to an existing PHP file and the file is readable.' in /Users/kittipong/Sites/yii/framework/YiiBase.php:322
Stack trace:
#0 /Users/kittipong/Sites/yii/framework/YiiBase.php(196): YiiBase::import('bootstrap.compo...', true)
#1 /Users/kittipong/Sites/yii/framework/base/CModule.php(386): YiiBase::createComponent(Array)
#2 /Users/kittipong/Sites/yii/framework/base/CModule.php(103): CModule->getComponent('bootstrap')
#3 /Users/kittipong/Sites/yii-web01/protected/views/layouts/main.php(8): CModule->__get('bootstrap')
#4 /Users/kittipong/Sites/yii/framework/web/CBaseController.php(126): require('/Users/kittipon...')
#5 /Users/kittipong/Sites/yii/framework/web/CBaseController.php(95): CBaseController->renderInternal('/Users/kittipon...', Array, true)
#6 /Users/kittipong/Sites/yii/framework/web/widgets/CContentDecorator.php(76): CBaseController->renderFile('/Users/kittipon...', Array, true)
#7 /Users/kittipong/Sites/yii/framework/web/widgets/CContentDecorator.php(54): CContentDecorator->decorate('<div id="conten...')
#8 /Users/kittipong/Sites/yii/framework/web/widgets/COutputProcessor.php(44): CContentDecorator->processOutput('<div id="conten...')
#9 /Users/kittipong/Sites/yii/framework/web/CBaseController.php(206): COutputProcessor->run()
#10 /Users/kittipong/Sites/yii/framework/web/CBaseController.php(300): CBaseController->endWidget('CContentDecorat...')
#11 /Users/kittipong/Sites/yii-web01/protected/views/layouts/column1.php(6): CBaseController->endContent()
#12 /Users/kittipong/Sites/yii/framework/web/CBaseController.php(126): require('/Users/kittipon...')
#13 /Users/kittipong/Sites/yii/framework/web/CBaseController.php(95): CBaseController->renderInternal('/Users/kittipon...', Array, true)
#14 /Users/kittipong/Sites/yii/framework/web/CController.php(784): CBaseController->renderFile('/Users/kittipon...', Array, true)
#15 /Users/kittipong/Sites/yii-web01/protected/controllers/SiteController.php(32): CController->render('index')
#16 /Users/kittipong/Sites/yii/framework/web/actions/CInlineAction.php(49): SiteController->actionIndex()
#17 /Users/kittipong/Sites/yii/framework/web/CController.php(308): CInlineAction->runWithParams(Array)
#18 /Users/kittipong/Sites/yii/framework/web/CController.php(286): CController->runAction(Object(CInlineAction))
#19 /Users/kittipong/Sites/yii/framework/web/CController.php(265): CController->runActionWithFilters(Object(CInlineAction), Array)
#20 /Users/kittipong/Sites/yii/framework/web/CWebApplication.php(282): CController->run('')
#21 /Users/kittipong/Sites/yii/framework/web/CWebApplication.php(141): CWebApplication->runController('')
#22 /Users/kittipong/Sites/yii/framework/base/CApplication.php(180): CWebApplication->processRequest()
#23 /Users/kittipong/Sites/yii-web01/index.php(13): CApplication->run()
#24 {main}
REQUEST_URI=/yii-web01/
HTTP_REFERER=http://localhost/
---
2013/11/19 01:06:30 [error] [exception.CException] exception 'CException' with message 'Alias "bootstrap.components.Bootstrap" is invalid. Make sure it points to an existing PHP file and the file is readable.' in /Users/kittipong/Sites/yii/framework/YiiBase.php:322
Stack trace:
#0 /Users/kittipong/Sites/yii/framework/YiiBase.php(196): YiiBase::import('bootstrap.compo...', true)
#1 /Users/kittipong/Sites/yii/framework/base/CModule.php(386): YiiBase::createComponent(Array)
#2 /Users/kittipong/Sites/yii/framework/base/CModule.php(103): CModule->getComponent('bootstrap')
#3 /Users/kittipong/Sites/yii-web01/protected/views/layouts/main.php(8): CModule->__get('bootstrap')
#4 /Users/kittipong/Sites/yii/framework/web/CBaseController.php(126): require('/Users/kittipon...')
#5 /Users/kittipong/Sites/yii/framework/web/CBaseController.php(95): CBaseController->renderInternal('/Users/kittipon...', Array, true)
#6 /Users/kittipong/Sites/yii/framework/web/widgets/CContentDecorator.php(76): CBaseController->renderFile('/Users/kittipon...', Array, true)
#7 /Users/kittipong/Sites/yii/framework/web/widgets/CContentDecorator.php(54): CContentDecorator->decorate('<div id="conten...')
#8 /Users/kittipong/Sites/yii/framework/web/widgets/COutputProcessor.php(44): CContentDecorator->processOutput('<div id="conten...')
#9 /Users/kittipong/Sites/yii/framework/web/CBaseController.php(206): COutputProcessor->run()
#10 /Users/kittipong/Sites/yii/framework/web/CBaseController.php(300): CBaseController->endWidget('CContentDecorat...')
#11 /Users/kittipong/Sites/yii-web01/protected/views/layouts/column1.php(6): CBaseController->endContent()
#12 /Users/kittipong/Sites/yii/framework/web/CBaseController.php(126): require('/Users/kittipon...')
#13 /Users/kittipong/Sites/yii/framework/web/CBaseController.php(95): CBaseController->renderInternal('/Users/kittipon...', Array, true)
#14 /Users/kittipong/Sites/yii/framework/web/CController.php(784): CBaseController->renderFile('/Users/kittipon...', Array, true)
#15 /Users/kittipong/Sites/yii-web01/protected/controllers/SiteController.php(32): CController->render('index')
#16 /Users/kittipong/Sites/yii/framework/web/actions/CInlineAction.php(49): SiteController->actionIndex()
#17 /Users/kittipong/Sites/yii/framework/web/CController.php(308): CInlineAction->runWithParams(Array)
#18 /Users/kittipong/Sites/yii/framework/web/CController.php(286): CController->runAction(Object(CInlineAction))
#19 /Users/kittipong/Sites/yii/framework/web/CController.php(265): CController->runActionWithFilters(Object(CInlineAction), Array)
#20 /Users/kittipong/Sites/yii/framework/web/CWebApplication.php(282): CController->run('')
#21 /Users/kittipong/Sites/yii/framework/web/CWebApplication.php(141): CWebApplication->runController('')
#22 /Users/kittipong/Sites/yii/framework/base/CApplication.php(180): CWebApplication->processRequest()
#23 /Users/kittipong/Sites/yii-web01/index.php(13): CApplication->run()
#24 {main}
REQUEST_URI=/yii-web01/
HTTP_REFERER=http://localhost/
---
2013/11/19 01:14:43 [error] [exception.CException] exception 'CException' with message 'Alias "bootstrap.components.Bootstrap" is invalid. Make sure it points to an existing PHP file and the file is readable.' in /Users/kittipong/Sites/yii/framework/YiiBase.php:322
Stack trace:
#0 /Users/kittipong/Sites/yii/framework/YiiBase.php(196): YiiBase::import('bootstrap.compo...', true)
#1 /Users/kittipong/Sites/yii/framework/base/CModule.php(386): YiiBase::createComponent(Array)
#2 /Users/kittipong/Sites/yii/framework/base/CModule.php(103): CModule->getComponent('bootstrap')
#3 /Users/kittipong/Sites/yii-web01/protected/views/layouts/main.php(8): CModule->__get('bootstrap')
#4 /Users/kittipong/Sites/yii/framework/web/CBaseController.php(126): require('/Users/kittipon...')
#5 /Users/kittipong/Sites/yii/framework/web/CBaseController.php(95): CBaseController->renderInternal('/Users/kittipon...', Array, true)
#6 /Users/kittipong/Sites/yii/framework/web/widgets/CContentDecorator.php(76): CBaseController->renderFile('/Users/kittipon...', Array, true)
#7 /Users/kittipong/Sites/yii/framework/web/widgets/CContentDecorator.php(54): CContentDecorator->decorate('<div id="conten...')
#8 /Users/kittipong/Sites/yii/framework/web/widgets/COutputProcessor.php(44): CContentDecorator->processOutput('<div id="conten...')
#9 /Users/kittipong/Sites/yii/framework/web/CBaseController.php(206): COutputProcessor->run()
#10 /Users/kittipong/Sites/yii/framework/web/CBaseController.php(300): CBaseController->endWidget('CContentDecorat...')
#11 /Users/kittipong/Sites/yii-web01/protected/views/layouts/column1.php(6): CBaseController->endContent()
#12 /Users/kittipong/Sites/yii/framework/web/CBaseController.php(126): require('/Users/kittipon...')
#13 /Users/kittipong/Sites/yii/framework/web/CBaseController.php(95): CBaseController->renderInternal('/Users/kittipon...', Array, true)
#14 /Users/kittipong/Sites/yii/framework/web/CController.php(784): CBaseController->renderFile('/Users/kittipon...', Array, true)
#15 /Users/kittipong/Sites/yii-web01/protected/controllers/SiteController.php(32): CController->render('index')
#16 /Users/kittipong/Sites/yii/framework/web/actions/CInlineAction.php(49): SiteController->actionIndex()
#17 /Users/kittipong/Sites/yii/framework/web/CController.php(308): CInlineAction->runWithParams(Array)
#18 /Users/kittipong/Sites/yii/framework/web/CController.php(286): CController->runAction(Object(CInlineAction))
#19 /Users/kittipong/Sites/yii/framework/web/CController.php(265): CController->runActionWithFilters(Object(CInlineAction), Array)
#20 /Users/kittipong/Sites/yii/framework/web/CWebApplication.php(282): CController->run('')
#21 /Users/kittipong/Sites/yii/framework/web/CWebApplication.php(141): CWebApplication->runController('')
#22 /Users/kittipong/Sites/yii/framework/base/CApplication.php(180): CWebApplication->processRequest()
#23 /Users/kittipong/Sites/yii-web01/index.php(13): CApplication->run()
#24 {main}
REQUEST_URI=/yii-web01/
HTTP_REFERER=http://localhost/
---
2013/11/19 01:14:46 [error] [exception.CException] exception 'CException' with message 'Alias "bootstrap.components.Bootstrap" is invalid. Make sure it points to an existing PHP file and the file is readable.' in /Users/kittipong/Sites/yii/framework/YiiBase.php:322
Stack trace:
#0 /Users/kittipong/Sites/yii/framework/YiiBase.php(196): YiiBase::import('bootstrap.compo...', true)
#1 /Users/kittipong/Sites/yii/framework/base/CModule.php(386): YiiBase::createComponent(Array)
#2 /Users/kittipong/Sites/yii/framework/base/CModule.php(103): CModule->getComponent('bootstrap')
#3 /Users/kittipong/Sites/yii-web01/protected/views/layouts/main.php(8): CModule->__get('bootstrap')
#4 /Users/kittipong/Sites/yii/framework/web/CBaseController.php(126): require('/Users/kittipon...')
#5 /Users/kittipong/Sites/yii/framework/web/CBaseController.php(95): CBaseController->renderInternal('/Users/kittipon...', Array, true)
#6 /Users/kittipong/Sites/yii/framework/web/widgets/CContentDecorator.php(76): CBaseController->renderFile('/Users/kittipon...', Array, true)
#7 /Users/kittipong/Sites/yii/framework/web/widgets/CContentDecorator.php(54): CContentDecorator->decorate('<div id="conten...')
#8 /Users/kittipong/Sites/yii/framework/web/widgets/COutputProcessor.php(44): CContentDecorator->processOutput('<div id="conten...')
#9 /Users/kittipong/Sites/yii/framework/web/CBaseController.php(206): COutputProcessor->run()
#10 /Users/kittipong/Sites/yii/framework/web/CBaseController.php(300): CBaseController->endWidget('CContentDecorat...')
#11 /Users/kittipong/Sites/yii-web01/protected/views/layouts/column1.php(6): CBaseController->endContent()
#12 /Users/kittipong/Sites/yii/framework/web/CBaseController.php(126): require('/Users/kittipon...')
#13 /Users/kittipong/Sites/yii/framework/web/CBaseController.php(95): CBaseController->renderInternal('/Users/kittipon...', Array, true)
#14 /Users/kittipong/Sites/yii/framework/web/CController.php(784): CBaseController->renderFile('/Users/kittipon...', Array, true)
#15 /Users/kittipong/Sites/yii-web01/protected/controllers/SiteController.php(32): CController->render('index')
#16 /Users/kittipong/Sites/yii/framework/web/actions/CInlineAction.php(49): SiteController->actionIndex()
#17 /Users/kittipong/Sites/yii/framework/web/CController.php(308): CInlineAction->runWithParams(Array)
#18 /Users/kittipong/Sites/yii/framework/web/CController.php(286): CController->runAction(Object(CInlineAction))
#19 /Users/kittipong/Sites/yii/framework/web/CController.php(265): CController->runActionWithFilters(Object(CInlineAction), Array)
#20 /Users/kittipong/Sites/yii/framework/web/CWebApplication.php(282): CController->run('')
#21 /Users/kittipong/Sites/yii/framework/web/CWebApplication.php(141): CWebApplication->runController('')
#22 /Users/kittipong/Sites/yii/framework/base/CApplication.php(180): CWebApplication->processRequest()
#23 /Users/kittipong/Sites/yii-web01/index.php(13): CApplication->run()
#24 {main}
REQUEST_URI=/yii-web01/
HTTP_REFERER=http://localhost/
---
2013/11/19 11:11:54 [error] [exception.CHttpException.404] exception 'CHttpException' with message 'Unable to resolve the request "HelloController".' in /var/www/yii/framework/web/CWebApplication.php:286
Stack trace:
#0 /var/www/yii/framework/web/CWebApplication.php(141): CWebApplication->runController('HelloController')
#1 /var/www/yii/framework/base/CApplication.php(180): CWebApplication->processRequest()
#2 /var/www/yii-web01/index.php(13): CApplication->run()
#3 {main}
REQUEST_URI=/yii-web01/index.php?r=HelloController
---
2013/11/19 11:22:13 [error] [exception.CException] exception 'CException' with message 'HelloController cannot find the requested view "filevar".' in /var/www/yii/framework/web/CController.php:878
Stack trace:
#0 /var/www/yii/framework/web/CController.php(782): CController->renderPartial('filevar', Array, true)
#1 /var/www/yii-web01/protected/controllers/HelloController.php(4): CController->render('filevar', Array)
#2 /var/www/yii/framework/web/actions/CInlineAction.php(49): HelloController->actionHi()
#3 /var/www/yii/framework/web/CController.php(308): CInlineAction->runWithParams(Array)
#4 /var/www/yii/framework/web/CController.php(286): CController->runAction(Object(CInlineAction))
#5 /var/www/yii/framework/web/CController.php(265): CController->runActionWithFilters(Object(CInlineAction), Array)
#6 /var/www/yii/framework/web/CWebApplication.php(282): CController->run('Hi')
#7 /var/www/yii/framework/web/CWebApplication.php(141): CWebApplication->runController('Hello/Hi')
#8 /var/www/yii/framework/base/CApplication.php(180): CWebApplication->processRequest()
#9 /var/www/yii-web01/index.php(13): CApplication->run()
#10 {main}
REQUEST_URI=/yii-web01/index.php?r=Hello/Hi
---
2013/11/19 11:26:53 [error] [exception.CException] exception 'CException' with message 'HelloController cannot find the requested view "filevar".' in /var/www/yii/framework/web/CController.php:878
Stack trace:
#0 /var/www/yii/framework/web/CController.php(782): CController->renderPartial('filevar', Array, true)
#1 /var/www/yii-web01/protected/controllers/HelloController.php(4): CController->render('filevar', Array)
#2 /var/www/yii/framework/web/actions/CInlineAction.php(49): HelloController->actionHi()
#3 /var/www/yii/framework/web/CController.php(308): CInlineAction->runWithParams(Array)
#4 /var/www/yii/framework/web/CController.php(286): CController->runAction(Object(CInlineAction))
#5 /var/www/yii/framework/web/CController.php(265): CController->runActionWithFilters(Object(CInlineAction), Array)
#6 /var/www/yii/framework/web/CWebApplication.php(282): CController->run('Hi')
#7 /var/www/yii/framework/web/CWebApplication.php(141): CWebApplication->runController('Hello/Hi')
#8 /var/www/yii/framework/base/CApplication.php(180): CWebApplication->processRequest()
#9 /var/www/yii-web01/index.php(13): CApplication->run()
#10 {main}
REQUEST_URI=/yii-web01/index.php?r=Hello/Hi
---
2013/11/22 04:21:33 [error] [exception.CDbException] exception 'CDbException' with message 'CDbConnection failed to open the DB connection: SQLSTATE[HY000] [1049] Unknown database 'yii_tour'' in /opt/lampp/htdocs/yii/framework/db/CDbConnection.php:382
Stack trace:
#0 /opt/lampp/htdocs/yii/framework/db/CDbConnection.php(330): CDbConnection->open()
#1 /opt/lampp/htdocs/yii/framework/db/CDbConnection.php(308): CDbConnection->setActive(true)
#2 /opt/lampp/htdocs/yii/framework/base/CModule.php(387): CDbConnection->init()
#3 /opt/lampp/htdocs/yii/framework/base/CModule.php(103): CModule->getComponent('db')
#4 /opt/lampp/htdocs/yii/framework/gii/generators/crud/CrudCode.php(44): CModule->__get('db')
#5 /opt/lampp/htdocs/yii/framework/web/CFormModel.php(39): CrudCode->init()
#6 /opt/lampp/htdocs/yii/framework/gii/CCodeGenerator.php(153): CFormModel->__construct()
#7 /opt/lampp/htdocs/yii/framework/gii/CCodeGenerator.php(63): CCodeGenerator->prepare()
#8 /opt/lampp/htdocs/yii/framework/web/actions/CInlineAction.php(49): CCodeGenerator->actionIndex()
#9 /opt/lampp/htdocs/yii/framework/web/CController.php(308): CInlineAction->runWithParams(Array)
#10 /opt/lampp/htdocs/yii/framework/web/CController.php(286): CController->runAction(Object(CInlineAction))
#11 /opt/lampp/htdocs/yii/framework/web/CController.php(265): CController->runActionWithFilters(Object(CInlineAction), Array)
#12 /opt/lampp/htdocs/yii/framework/web/CWebApplication.php(282): CController->run('index')
#13 /opt/lampp/htdocs/yii/framework/web/CWebApplication.php(141): CWebApplication->runController('gii/crud/index')
#14 /opt/lampp/htdocs/yii/framework/base/CApplication.php(180): CWebApplication->processRequest()
#15 /opt/lampp/htdocs/yii-web01/index.php(13): CApplication->run()
#16 {main}
REQUEST_URI=/yii-web01/index.php?r=gii/crud/index
HTTP_REFERER=http://localhost/yii-web01/index.php?r=gii/default/index
---
